0 info it worked if it ends with ok
1 verbose cli [ 'C:\\Program Files\\nodejs\\node.exe',
1 verbose cli   'C:\\Users\\Qaseem Lodhi\\AppData\\Roaming\\npm\\node_modules\\npm\\bin\\npm-cli.js',
1 verbose cli   'start' ]
2 info using npm@3.10.9
3 info using node@v6.10.1
4 verbose run-script [ 'prestart', 'start', 'poststart' ]
5 info lifecycle mean-angular2-registration-login-example-server@1.0.0~prestart: mean-angular2-registration-login-example-server@1.0.0
6 silly lifecycle mean-angular2-registration-login-example-server@1.0.0~prestart: no script for prestart, continuing
7 info lifecycle mean-angular2-registration-login-example-server@1.0.0~start: mean-angular2-registration-login-example-server@1.0.0
8 verbose lifecycle mean-angular2-registration-login-example-server@1.0.0~start: unsafe-perm in lifecycle true
9 verbose lifecycle mean-angular2-registration-login-example-server@1.0.0~start: PATH: C:\Users\Qaseem Lodhi\AppData\Roaming\npm\node_modules\npm\bin\node-gyp-bin;E:\Semester Data\new\Office Projects\angular2-mongodb\server\node_modules\.bin;C:\ProgramData\Oracle\Java\javapath;C:\Program Files\Java\jre1.8.0_121\bin;C:\Program Files\Git\bin;C:\WINDOWS\system32;C:\WINDOWS;C:\WINDOWS\System32\Wbem;C:\WINDOWS\System32\WindowsPowerShell\v1.0\;E:\Softwares\android-sdk_r24.4.1-windows\android-sdk-windows\tools;E:\Softwares\android-sdk_r24.4.1-windows\android-sdk-windows\platform-tools;C:\Program Files\nodejs\;C:\Program Files\Java\jdk1.8.0_121\bin;C:\Program Files\nodejs;C:\Users\Qaseem Lodhi\AppData\Local\Microsoft\WindowsApps;C:\Program Files (x86)\Microsoft VS Code\bin;E:\Softwares\android-sdk_r24.4.1-windows\android-sdk-windows\platform-tools;E:\Softwares\android-sdk_r24.4.1-windows\android-sdk-windows\tools;C:\Program Files\Heroku\bin;C:\Users\Qaseem Lodhi\AppData\Roaming\npm
10 verbose lifecycle mean-angular2-registration-login-example-server@1.0.0~start: CWD: E:\Semester Data\new\Office Projects\angular2-mongodb\server
11 silly lifecycle mean-angular2-registration-login-example-server@1.0.0~start: Args: [ '/d /s /c', 'node server.js' ]
12 verbose stack Error: kill ENOSYS
12 verbose stack     at exports._errnoException (util.js:1018:11)
12 verbose stack     at process.kill (internal/process.js:190:13)
12 verbose stack     at process.listener (C:\Users\Qaseem Lodhi\AppData\Roaming\npm\node_modules\npm\node_modules\npmlog\node_modules\gauge\node_modules\signal-exit\index.js:86:15)
12 verbose stack     at emitNone (events.js:91:20)
12 verbose stack     at process.emit (events.js:185:7)
12 verbose stack     at processEmit (C:\Users\Qaseem Lodhi\AppData\Roaming\npm\node_modules\npm\node_modules\npmlog\node_modules\gauge\node_modules\signal-exit\index.js:146:32)
12 verbose stack     at processEmit (C:\Users\Qaseem Lodhi\AppData\Roaming\npm\node_modules\npm\node_modules\npm-registry-client\node_modules\npmlog\node_modules\gauge\node_modules\signal-exit\index.js:146:32)
12 verbose stack     at Signal.wrap.onsignal (internal/process.js:217:44)
13 verbose cwd E:\Semester Data\new\Office Projects\angular2-mongodb\server
14 error Windows_NT 10.0.14393
15 error argv "C:\\Program Files\\nodejs\\node.exe" "C:\\Users\\Qaseem Lodhi\\AppData\\Roaming\\npm\\node_modules\\npm\\bin\\npm-cli.js" "start"
16 error node v6.10.1
17 error npm  v3.10.9
18 error code ENOSYS
19 error errno ENOSYS
20 error syscall kill
21 error kill ENOSYS
22 error If you need help, you may report this error at:
22 error     <https://github.com/npm/npm/issues>
23 verbose exit [ 1, true ]
